d:\works\netboomer\fw\inu_usb_lib\driver\libusb\src\msvc\x64\debug\dll\libusb-1.0\vc143.pdb
d:\works\netboomer\fw\inu_usb_lib\driver\libusb\src\msvc\x64\debug\dll\libusb-1.0\windows_winusb.obj
d:\works\netboomer\fw\inu_usb_lib\driver\libusb\src\msvc\x64\debug\dll\libusb-1.0\windows_nt_common.obj
d:\works\netboomer\fw\inu_usb_lib\driver\libusb\src\msvc\x64\debug\dll\libusb-1.0\threads_windows.obj
d:\works\netboomer\fw\inu_usb_lib\driver\libusb\src\msvc\x64\debug\dll\libusb-1.0\sync.obj
d:\works\netboomer\fw\inu_usb_lib\driver\libusb\src\msvc\x64\debug\dll\libusb-1.0\strerror.obj
d:\works\netboomer\fw\inu_usb_lib\driver\libusb\src\msvc\x64\debug\dll\libusb-1.0\poll_windows.obj
d:\works\netboomer\fw\inu_usb_lib\driver\libusb\src\msvc\x64\debug\dll\libusb-1.0\io.obj
d:\works\netboomer\fw\inu_usb_lib\driver\libusb\src\msvc\x64\debug\dll\libusb-1.0\hotplug.obj
d:\works\netboomer\fw\inu_usb_lib\driver\libusb\src\msvc\x64\debug\dll\libusb-1.0\descriptor.obj
d:\works\netboomer\fw\inu_usb_lib\driver\libusb\src\msvc\x64\debug\dll\libusb-1.0\core.obj
d:\works\netboomer\fw\inu_usb_lib\driver\libusb\src\msvc\x64\debug\libusb-1.0.ilk
d:\works\netboomer\fw\inu_usb_lib\driver\libusb\src\msvc\x64\debug\libusb-1.0.dll
d:\works\netboomer\fw\inu_usb_lib\driver\libusb\src\msvc\x64\debug\libusb-1.0.pdb
d:\works\netboomer\fw\inu_usb_lib\driver\libusb\src\msvc\x64\debug\libusb-1.0.lib
d:\works\netboomer\fw\inu_usb_lib\driver\libusb\src\msvc\x64\debug\libusb-1.0.exp
d:\works\netboomer\fw\inu_usb_lib\driver\libusb\src\msvc\x64\debug\dll\libusb-1.0\libusb-1.0.res
d:\works\netboomer\fw\inu_usb_lib\driver\libusb\src\msvc\x64\debug\dll\libusb-1.0\libusb-1.0 (dll).tlog\cl.command.1.tlog
d:\works\netboomer\fw\inu_usb_lib\driver\libusb\src\msvc\x64\debug\dll\libusb-1.0\libusb-1.0 (dll).tlog\cl.items.tlog
d:\works\netboomer\fw\inu_usb_lib\driver\libusb\src\msvc\x64\debug\dll\libusb-1.0\libusb-1.0 (dll).tlog\cl.read.1.tlog
d:\works\netboomer\fw\inu_usb_lib\driver\libusb\src\msvc\x64\debug\dll\libusb-1.0\libusb-1.0 (dll).tlog\cl.write.1.tlog
d:\works\netboomer\fw\inu_usb_lib\driver\libusb\src\msvc\x64\debug\dll\libusb-1.0\libusb-1.0 (dll).tlog\link.command.1.tlog
d:\works\netboomer\fw\inu_usb_lib\driver\libusb\src\msvc\x64\debug\dll\libusb-1.0\libusb-1.0 (dll).tlog\link.read.1.tlog
d:\works\netboomer\fw\inu_usb_lib\driver\libusb\src\msvc\x64\debug\dll\libusb-1.0\libusb-1.0 (dll).tlog\link.write.1.tlog
d:\works\netboomer\fw\inu_usb_lib\driver\libusb\src\msvc\x64\debug\dll\libusb-1.0\libusb-1.0 (dll).tlog\link.write.2u.tlog
d:\works\netboomer\fw\inu_usb_lib\driver\libusb\src\msvc\x64\debug\dll\libusb-1.0\libusb-1.0 (dll).tlog\rc.command.1.tlog
d:\works\netboomer\fw\inu_usb_lib\driver\libusb\src\msvc\x64\debug\dll\libusb-1.0\libusb-1.0 (dll).tlog\rc.read.1.tlog
d:\works\netboomer\fw\inu_usb_lib\driver\libusb\src\msvc\x64\debug\dll\libusb-1.0\libusb-1.0 (dll).tlog\rc.write.1.tlog
