d:\works\netboomer\fw\inu_usb_lib\prj\windows\x64\debug\inu_usb_lib_tmp\vc143.pdb
d:\works\netboomer\fw\inu_usb_lib\prj\windows\x64\debug\inu_usb_lib_tmp\inu_usb_libusb_windows.obj
d:\works\netboomer\fw\inu_usb_lib\prj\windows\x64\debug\inu_usb_lib_tmp\inu_monitor.obj
d:\works\netboomer\fw\inu_usb_lib\prj\windows\x64\debug\inu_usb_lib_tmp\inu_bootdetect.obj
d:\works\netboomer\fw\inu_usb_lib\prj\windows\x64\debug\inu_usb_lib_tmp\inu_boot.obj
d:\works\netboomer\fw\inu_usb_lib\prj\windows\x64\debug\inu_usb_lib_tmp\inu_host_utils.obj
d:\works\netboomer\fw\inu_usb_lib\prj\windows\x64\debug\inu_usb_lib.dll
d:\works\netboomer\fw\inu_usb_lib\prj\windows\x64\debug\inu_usb_lib.pdb
d:\works\netboomer\fw\inu_usb_lib\prj\windows\x64\debug\inu_usb_lib.lib
d:\works\netboomer\fw\inu_usb_lib\prj\windows\x64\debug\inu_usb_lib.exp
d:\works\netboomer\fw\inu_usb_lib\prj\windows\x64\debug\inu_usb_lib_tmp\inu_usb_lib.res
d:\works\netboomer\fw\inu_usb_lib\prj\windows\x64\debug\inu_usb_lib_tmp\inu_usb_lib.tlog\cl.command.1.tlog
d:\works\netboomer\fw\inu_usb_lib\prj\windows\x64\debug\inu_usb_lib_tmp\inu_usb_lib.tlog\cl.items.tlog
d:\works\netboomer\fw\inu_usb_lib\prj\windows\x64\debug\inu_usb_lib_tmp\inu_usb_lib.tlog\cl.read.1.tlog
d:\works\netboomer\fw\inu_usb_lib\prj\windows\x64\debug\inu_usb_lib_tmp\inu_usb_lib.tlog\cl.write.1.tlog
d:\works\netboomer\fw\inu_usb_lib\prj\windows\x64\debug\inu_usb_lib_tmp\inu_usb_lib.tlog\link.command.1.tlog
d:\works\netboomer\fw\inu_usb_lib\prj\windows\x64\debug\inu_usb_lib_tmp\inu_usb_lib.tlog\link.read.1.tlog
d:\works\netboomer\fw\inu_usb_lib\prj\windows\x64\debug\inu_usb_lib_tmp\inu_usb_lib.tlog\link.write.1.tlog
d:\works\netboomer\fw\inu_usb_lib\prj\windows\x64\debug\inu_usb_lib_tmp\inu_usb_lib.tlog\link.write.2u.tlog
d:\works\netboomer\fw\inu_usb_lib\prj\windows\x64\debug\inu_usb_lib_tmp\inu_usb_lib.tlog\rc.command.1.tlog
d:\works\netboomer\fw\inu_usb_lib\prj\windows\x64\debug\inu_usb_lib_tmp\inu_usb_lib.tlog\rc.read.1.tlog
d:\works\netboomer\fw\inu_usb_lib\prj\windows\x64\debug\inu_usb_lib_tmp\inu_usb_lib.tlog\rc.write.1.tlog
